{"C:\\Users\\UTA_S\\pulseBoard\\backend\\src\\services\\metricsService.js": {"path":"C:\\Users\\UTA_S\\pulseBoard\\backend\\src\\services\\metricsService.js","statementMap":{"0":{"start":{"line":1,"column":23},"end":{"line":1,"column":38}},"1":{"start":{"line":6,"column":14},"end":{"line":6,"column":38}},"2":{"start":{"line":8,"column":2},"end":{"line":17,"column":3}},"3":{"start":{"line":20,"column":0},"end":{"line":20,"column":36}}},"fnMap":{"0":{"name":"generateMetrics","decl":{"start":{"line":5,"column":9},"end":{"line":5,"column":24}},"loc":{"start":{"line":5,"column":27},"end":{"line":18,"column":1}},"line":5}},"branchMap":{"0":{"loc":{"start":{"line":16,"column":17},"end":{"line":16,"column":54}},"type":"binary-expr","locations":[{"start":{"line":16,"column":17},"end":{"line":16,"column":37}},{"start":{"line":16,"column":41},"end":{"line":16,"column":54}}],"line":16}},"s":{"0":1,"1":5,"2":5,"3":1},"f":{"0":5},"b":{"0":[5,0]},"_coverageSchema":"1a1c01bbd47fc00a2c39e90264f33305004495a9","hash":"207d68ca5483cfa6319d421f18d20c3fda9707c0"}
}
